\BOOKMARK [1][-]{section.1}{\376\377\000I\000n\000t\000r\000o\000d\000u\000\347\000\343\000o\000\040\000e\000\040\000F\000i\000l\000o\000s\000o\000f\000i\000a\000\040\000d\000a\000\040\000L\000i\000n\000g\000u\000a\000g\000e\000m}{}% 1
\BOOKMARK [2][-]{subsection.1.1}{\376\377\000V\000i\000s\000\343\000o\000\040\000G\000e\000r\000a\000l}{section.1}% 2
\BOOKMARK [2][-]{subsection.1.2}{\376\377\000C\000a\000r\000a\000c\000t\000e\000r\000\355\000s\000t\000i\000c\000a\000s\000\040\000D\000i\000s\000t\000i\000n\000t\000i\000v\000a\000s}{section.1}% 3
\BOOKMARK [2][-]{subsection.1.3}{\376\377\000P\000r\000i\000n\000c\000\355\000p\000i\000o\000s\000\040\000d\000e\000\040\000D\000e\000s\000i\000g\000n}{section.1}% 4
\BOOKMARK [1][-]{section.2}{\376\377\000E\000s\000t\000r\000u\000t\000u\000r\000a\000\040\000L\000e\000x\000i\000c\000a\000l}{}% 5
\BOOKMARK [2][-]{subsection.2.1}{\376\377\000A\000l\000f\000a\000b\000e\000t\000o\000\040\000e\000\040\000C\000a\000r\000a\000c\000t\000e\000r\000e\000s}{section.2}% 6
\BOOKMARK [2][-]{subsection.2.2}{\376\377\000T\000o\000k\000e\000n\000s\000\040\000e\000\040\000C\000l\000a\000s\000s\000i\000f\000i\000c\000a\000\347\000\343\000o}{section.2}% 7
\BOOKMARK [2][-]{subsection.2.3}{\376\377\000P\000a\000l\000a\000v\000r\000a\000s\000\040\000R\000e\000s\000e\000r\000v\000a\000d\000a\000s}{section.2}% 8
\BOOKMARK [2][-]{subsection.2.4}{\376\377\000O\000p\000e\000r\000a\000d\000o\000r\000e\000s}{section.2}% 9
\BOOKMARK [2][-]{subsection.2.5}{\376\377\000C\000o\000m\000e\000n\000t\000\341\000r\000i\000o\000s\000\040\000e\000\040\000W\000h\000i\000t\000e\000s\000p\000a\000c\000e}{section.2}% 10
\BOOKMARK [2][-]{subsection.2.6}{\376\377\000D\000i\000r\000e\000t\000i\000v\000a\000s\000\040\000N\000a\000t\000i\000v\000a\000s\000\040\000e\000\040\000D\000e\000s\000a\000m\000b\000i\000g\000u\000a\000\347\000\343\000o\000\040\000L\000e\000x\000i\000c\000a\000l}{section.2}% 11
\BOOKMARK [1][-]{section.3}{\376\377\000S\000i\000s\000t\000e\000m\000a\000\040\000d\000e\000\040\000T\000i\000p\000o\000s}{}% 12
\BOOKMARK [2][-]{subsection.3.1}{\376\377\000F\000u\000n\000d\000a\000m\000e\000n\000t\000o\000s\000\040\000d\000o\000\040\000S\000i\000s\000t\000e\000m\000a\000\040\000d\000e\000\040\000T\000i\000p\000o\000s}{section.3}% 13
\BOOKMARK [2][-]{subsection.3.2}{\376\377\000T\000i\000p\000o\000s\000\040\000P\000r\000i\000m\000i\000t\000i\000v\000o\000s}{section.3}% 14
\BOOKMARK [2][-]{subsection.3.3}{\376\377\000T\000i\000p\000o\000s\000\040\000C\000o\000m\000p\000o\000s\000t\000o\000s}{section.3}% 15
\BOOKMARK [2][-]{subsection.3.4}{\376\377\000A\000n\000o\000t\000a\000\347\000\365\000e\000s\000\040\000d\000e\000\040\000T\000i\000p\000o}{section.3}% 16
\BOOKMARK [2][-]{subsection.3.5}{\376\377\000M\000o\000d\000o\000\040\000E\000s\000t\000r\000i\000t\000o\000\040\000d\000e\000\040\000T\000i\000p\000o\000s\000\040\000\050\000F\000u\000t\000u\000r\000o\000\051}{section.3}% 17
\BOOKMARK [2][-]{subsection.3.6}{\376\377\000C\000o\000e\000r\000\347\000\343\000o\000\040\000e\000\040\000C\000o\000m\000p\000a\000t\000i\000b\000i\000l\000i\000d\000a\000d\000e\000\040\000d\000e\000\040\000T\000i\000p\000o\000s}{section.3}% 18
\BOOKMARK [1][-]{section.4}{\376\377\000E\000x\000p\000r\000e\000s\000s\000\365\000e\000s}{}% 19
\BOOKMARK [2][-]{subsection.4.1}{\376\377\000H\000i\000e\000r\000a\000r\000q\000u\000i\000a\000\040\000d\000e\000\040\000P\000r\000e\000c\000e\000d\000\352\000n\000c\000i\000a}{section.4}% 20
\BOOKMARK [2][-]{subsection.4.2}{\376\377\000E\000x\000p\000r\000e\000s\000s\000\365\000e\000s\000\040\000P\000r\000i\000m\000\341\000r\000i\000a\000s}{section.4}% 21
\BOOKMARK [2][-]{subsection.4.3}{\376\377\000E\000x\000p\000r\000e\000s\000s\000\365\000e\000s\000\040\000B\000i\000n\000\341\000r\000i\000a\000s}{section.4}% 22
\BOOKMARK [2][-]{subsection.4.4}{\376\377\000E\000x\000p\000r\000e\000s\000s\000\365\000e\000s\000\040\000U\000n\000\341\000r\000i\000a\000s}{section.4}% 23
\BOOKMARK [2][-]{subsection.4.5}{\376\377\000A\000c\000e\000s\000s\000o\000\040\000a\000\040\000P\000r\000o\000p\000r\000i\000e\000d\000a\000d\000e\000s\000\040\000e\000\040\000C\000h\000a\000m\000a\000d\000a\000s}{section.4}% 24
\BOOKMARK [2][-]{subsection.4.6}{\376\377\000M\000a\000t\000c\000h\000\040\000E\000x\000p\000r\000e\000s\000s\000i\000o\000n}{section.4}% 25
\BOOKMARK [1][-]{section.5}{\376\377\000S\000t\000a\000t\000e\000m\000e\000n\000t\000s\000\040\000\050\000I\000n\000s\000t\000r\000u\000\347\000\365\000e\000s\000\051}{}% 26
\BOOKMARK [2][-]{subsection.5.1}{\376\377\000D\000e\000c\000l\000a\000r\000a\000\347\000\365\000e\000s\000\040\000d\000e\000\040\000V\000a\000r\000i\000\341\000v\000e\000i\000s}{section.5}% 27
\BOOKMARK [2][-]{subsection.5.2}{\376\377\000S\000t\000a\000t\000e\000m\000e\000n\000t\000s\000\040\000d\000e\000\040\000C\000o\000n\000t\000r\000o\000l\000e\000\040\000d\000e\000\040\000F\000l\000u\000x\000o}{section.5}% 28
\BOOKMARK [2][-]{subsection.5.3}{\376\377\000T\000r\000a\000t\000a\000m\000e\000n\000t\000o\000\040\000d\000e\000\040\000E\000x\000c\000e\000\347\000\365\000e\000s}{section.5}% 29
\BOOKMARK [2][-]{subsection.5.4}{\376\377\000R\000e\000t\000u\000r\000n\000\040\000S\000t\000a\000t\000e\000m\000e\000n\000t}{section.5}% 30
\BOOKMARK [1][-]{section.6}{\376\377\000D\000e\000c\000l\000a\000r\000a\000\347\000\365\000e\000s}{}% 31
\BOOKMARK [2][-]{subsection.6.1}{\376\377\000F\000u\000n\000\347\000\365\000e\000s}{section.6}% 32
\BOOKMARK [2][-]{subsection.6.2}{\376\377\000C\000l\000a\000s\000s\000e\000s}{section.6}% 33
\BOOKMARK [1][-]{section.7}{\376\377\000S\000i\000s\000t\000e\000m\000a\000\040\000d\000e\000\040\000M\000\363\000d\000u\000l\000o\000s}{}% 34
\BOOKMARK [2][-]{subsection.7.1}{\376\377\000I\000m\000p\000o\000r\000t\000\040\000S\000t\000a\000t\000e\000m\000e\000n\000t}{section.7}% 35
\BOOKMARK [2][-]{subsection.7.2}{\376\377\000E\000x\000p\000o\000r\000t\000\040\000S\000t\000a\000t\000e\000m\000e\000n\000t}{section.7}% 36
\BOOKMARK [2][-]{subsection.7.3}{\376\377\000N\000a\000t\000i\000v\000e\000\040\000D\000i\000r\000e\000c\000t\000i\000v\000e\000s}{section.7}% 37
\BOOKMARK [1][-]{section.8}{\376\377\000M\000o\000d\000e\000l\000o\000\040\000d\000e\000\040\000E\000x\000e\000c\000u\000\347\000\343\000o}{}% 38
\BOOKMARK [2][-]{subsection.8.1}{\376\377\000A\000r\000q\000u\000i\000t\000e\000t\000u\000r\000a\000\040\000d\000e\000\040\000E\000x\000e\000c\000u\000\347\000\343\000o\000\040\000H\000\355\000b\000r\000i\000d\000a}{section.8}% 39
\BOOKMARK [2][-]{subsection.8.2}{\376\377\000P\000i\000p\000e\000l\000i\000n\000e\000\040\000d\000e\000\040\000C\000o\000m\000p\000i\000l\000a\000\347\000\343\000o}{section.8}% 40
\BOOKMARK [2][-]{subsection.8.3}{\376\377\000E\000s\000c\000o\000p\000o\000\040\000e\000\040\000R\000e\000s\000o\000l\000u\000\347\000\343\000o\000\040\000d\000e\000\040\000V\000a\000r\000i\000\341\000v\000e\000i\000s}{section.8}% 41
\BOOKMARK [2][-]{subsection.8.4}{\376\377\000E\000x\000e\000c\000u\000\347\000\343\000o\000\040\000d\000e\000\040\000F\000u\000n\000\347\000\365\000e\000s}{section.8}% 42
\BOOKMARK [2][-]{subsection.8.5}{\376\377\000I\000n\000s\000t\000a\000n\000c\000i\000a\000\347\000\343\000o\000\040\000d\000e\000\040\000C\000l\000a\000s\000s\000e\000s}{section.8}% 43
\BOOKMARK [2][-]{subsection.8.6}{\376\377\000R\000e\000p\000r\000e\000s\000e\000n\000t\000a\000\347\000\343\000o\000\040\000I\000n\000t\000e\000r\000n\000a\000\040\000d\000e\000\040\000V\000a\000l\000o\000r\000e\000s}{section.8}% 44
\BOOKMARK [2][-]{subsection.8.7}{\376\377\000G\000e\000r\000e\000n\000c\000i\000a\000m\000e\000n\000t\000o\000\040\000d\000e\000\040\000M\000e\000m\000\363\000r\000i\000a}{section.8}% 45
\BOOKMARK [1][-]{section.9}{\376\377\000S\000i\000s\000t\000e\000m\000a\000\040\000d\000e\000\040\000E\000r\000r\000o\000s}{}% 46
\BOOKMARK [2][-]{subsection.9.1}{\376\377\000C\000a\000t\000e\000g\000o\000r\000i\000a\000s\000\040\000d\000e\000\040\000E\000r\000r\000o\000s}{section.9}% 47
\BOOKMARK [2][-]{subsection.9.2}{\376\377\000P\000r\000o\000p\000a\000g\000a\000\347\000\343\000o\000\040\000d\000e\000\040\000E\000x\000c\000e\000\347\000\365\000e\000s}{section.9}% 48
\BOOKMARK [1][-]{section.10}{\376\377\000M\000o\000d\000e\000l\000o\000\040\000d\000e\000\040\000C\000o\000n\000c\000o\000r\000r\000\352\000n\000c\000i\000a}{}% 49
\BOOKMARK [2][-]{subsection.10.1}{\376\377\000A\000s\000y\000n\000c\000/\000A\000w\000a\000i\000t}{section.10}% 50
\BOOKMARK [2][-]{subsection.10.2}{\376\377\000T\000h\000r\000e\000a\000d\000s\000\040\000N\000a\000t\000i\000v\000o\000s}{section.10}% 51
\BOOKMARK [2][-]{subsection.10.3}{\376\377\000S\000i\000n\000c\000r\000o\000n\000i\000z\000a\000\347\000\343\000o\000\040\000c\000o\000m\000\040\000M\000u\000t\000e\000x}{section.10}% 52
\BOOKMARK [1][-]{section.11}{\376\377\000F\000o\000r\000e\000i\000g\000n\000\040\000F\000u\000n\000c\000t\000i\000o\000n\000\040\000I\000n\000t\000e\000r\000f\000a\000c\000e\000\040\000\050\000F\000F\000I\000\051}{}% 53
\BOOKMARK [2][-]{subsection.11.1}{\376\377\000S\000i\000s\000t\000e\000m\000a\000\040\000d\000e\000\040\000M\000\363\000d\000u\000l\000o\000s\000\040\000N\000a\000t\000i\000v\000o\000s}{section.11}% 54
\BOOKMARK [2][-]{subsection.11.2}{\376\377\000M\000a\000p\000e\000a\000m\000e\000n\000t\000o\000\040\000d\000e\000\040\000T\000i\000p\000o\000s}{section.11}% 55
\BOOKMARK [2][-]{subsection.11.3}{\376\377\000C\000o\000n\000v\000e\000n\000\347\000\343\000o\000\040\000d\000e\000\040\000C\000h\000a\000m\000a\000d\000a}{section.11}% 56
\BOOKMARK [1][-]{section.12}{\376\377\000A\000r\000q\000u\000i\000t\000e\000t\000u\000r\000a\000\040\000d\000e\000\040\000R\000u\000n\000t\000i\000m\000e\000\040\000M\000\355\000n\000i\000m\000o\000\040\000c\000o\000m\000\040\000I\000n\000t\000r\000i\000n\000s\000i\000c\000s}{}% 57
\BOOKMARK [2][-]{subsection.12.1}{\376\377\000F\000i\000l\000o\000s\000o\000f\000i\000a\000\040\000d\000o\000\040\000S\000e\000l\000f\000-\000H\000o\000s\000t\000i\000n\000g}{section.12}% 58
\BOOKMARK [2][-]{subsection.12.2}{\376\377\000S\000i\000s\000t\000e\000m\000a\000\040\000d\000e\000\040\000I\000n\000t\000r\000i\000n\000s\000i\000c\000s}{section.12}% 59
\BOOKMARK [2][-]{subsection.12.3}{\376\377\000P\000i\000p\000e\000l\000i\000n\000e\000\040\000d\000e\000\040\000C\000o\000m\000p\000i\000l\000a\000\347\000\343\000o\000\040\000c\000o\000m\000\040\000I\000n\000t\000r\000i\000n\000s\000i\000c\000s}{section.12}% 60
\BOOKMARK [2][-]{subsection.12.4}{\376\377\000I\000m\000p\000l\000e\000m\000e\000n\000t\000a\000\347\000\343\000o\000\040\000n\000o\000\040\000R\000u\000n\000t\000i\000m\000e\000\040\000C\000+\000+}{section.12}% 61
\BOOKMARK [2][-]{subsection.12.5}{\376\377\000S\000t\000a\000n\000d\000a\000r\000d\000\040\000L\000i\000b\000r\000a\000r\000y\000\040\000e\000m\000\040\000D\000r\000y\000a\000d\000\040\000P\000u\000r\000o}{section.12}% 62
\BOOKMARK [2][-]{subsection.12.6}{\376\377\000V\000i\000r\000t\000u\000a\000l\000\040\000F\000i\000l\000e\000\040\000S\000y\000s\000t\000e\000m\000\040\000\050\000V\000F\000S\000\051}{section.12}% 63
\BOOKMARK [2][-]{subsection.12.7}{\376\377\000N\000e\000t\000w\000o\000r\000k\000i\000n\000g\000\040\000e\000\040\000A\000s\000y\000n\000c\000\040\000I\000/\000O}{section.12}% 64
\BOOKMARK [2][-]{subsection.12.8}{\376\377\000G\000e\000r\000e\000n\000c\000i\000a\000m\000e\000n\000t\000o\000\040\000d\000e\000\040\000M\000e\000m\000\363\000r\000i\000a\000\040\000c\000o\000m\000\040\000B\000u\000f\000f\000e\000r}{section.12}% 65
\BOOKMARK [2][-]{subsection.12.9}{\376\377\000C\000o\000n\000j\000u\000n\000t\000o\000\040\000M\000\355\000n\000i\000m\000o\000\040\000d\000e\000\040\000S\000y\000s\000c\000a\000l\000l\000s}{section.12}% 66
\BOOKMARK [2][-]{subsection.12.10}{\376\377\000C\000o\000m\000p\000a\000r\000a\000\347\000\343\000o\000\040\000c\000o\000m\000\040\000S\000i\000s\000t\000e\000m\000a\000\040\000A\000n\000t\000e\000r\000i\000o\000r}{section.12}% 67
\BOOKMARK [1][-]{section.13}{\376\377\000B\000y\000t\000e\000c\000o\000d\000e\000\040\000e\000\040\000I\000R}{}% 68
\BOOKMARK [2][-]{subsection.13.1}{\376\377\000B\000y\000t\000e\000c\000o\000d\000e\000\040\000V\000M}{section.13}% 69
\BOOKMARK [2][-]{subsection.13.2}{\376\377\000I\000n\000t\000e\000r\000m\000e\000d\000i\000a\000t\000e\000\040\000R\000e\000p\000r\000e\000s\000e\000n\000t\000a\000t\000i\000o\000n\000\040\000\050\000I\000R\000\051}{section.13}% 70
\BOOKMARK [1][-]{section.14}{\376\377\000C\000o\000m\000p\000i\000l\000a\000\347\000\343\000o\000\040\000A\000O\000T\000\040\000\050\000A\000h\000e\000a\000d\000-\000o\000f\000-\000T\000i\000m\000e\000\051}{}% 71
\BOOKMARK [2][-]{subsection.14.1}{\376\377\000P\000i\000p\000e\000l\000i\000n\000e\000\040\000A\000O\000T}{section.14}% 72
\BOOKMARK [2][-]{subsection.14.2}{\376\377\000B\000a\000c\000k\000e\000n\000d\000s\000\040\000S\000u\000p\000o\000r\000t\000a\000d\000o\000s}{section.14}% 73
\BOOKMARK [2][-]{subsection.14.3}{\376\377\000F\000o\000r\000m\000a\000t\000o\000s\000\040\000d\000e\000\040\000O\000b\000j\000e\000t\000o}{section.14}% 74
\BOOKMARK [1][-]{section.15}{\376\377\000P\000a\000d\000r\000\365\000e\000s\000\040\000d\000e\000\040\000P\000r\000o\000g\000r\000a\000m\000a\000\347\000\343\000o}{}% 75
\BOOKMARK [2][-]{subsection.15.1}{\376\377\000P\000a\000r\000a\000d\000i\000g\000m\000a\000\040\000O\000r\000i\000e\000n\000t\000a\000d\000o\000\040\000a\000\040\000O\000b\000j\000e\000t\000o\000s}{section.15}% 76
\BOOKMARK [2][-]{subsection.15.2}{\376\377\000P\000a\000r\000a\000d\000i\000g\000m\000a\000\040\000F\000u\000n\000c\000i\000o\000n\000a\000l}{section.15}% 77
\BOOKMARK [2][-]{subsection.15.3}{\376\377\000P\000a\000r\000a\000d\000i\000g\000m\000a\000\040\000P\000r\000o\000c\000e\000d\000u\000r\000a\000l}{section.15}% 78
\BOOKMARK [1][-]{section.16}{\376\377\000E\000s\000p\000e\000c\000i\000f\000i\000c\000a\000\347\000\365\000e\000s\000\040\000F\000o\000r\000m\000a\000i\000s}{}% 79
\BOOKMARK [2][-]{subsection.16.1}{\376\377\000G\000r\000a\000m\000\341\000t\000i\000c\000a\000\040\000F\000o\000r\000m\000a\000l\000\040\000\050\000B\000N\000F\000\040\000S\000i\000m\000p\000l\000i\000f\000i\000c\000a\000d\000a\000\051}{section.16}% 80
\BOOKMARK [2][-]{subsection.16.2}{\376\377\000S\000e\000m\000\342\000n\000t\000i\000c\000a\000\040\000O\000p\000e\000r\000a\000c\000i\000o\000n\000a\000l\000\040\000\050\000I\000n\000f\000o\000r\000m\000a\000l\000\051}{section.16}% 81
\BOOKMARK [1][-]{section.17}{\376\377\000L\000i\000m\000i\000t\000a\000\347\000\365\000e\000s\000\040\000e\000\040\000C\000o\000n\000s\000i\000d\000e\000r\000a\000\347\000\365\000e\000s}{}% 82
\BOOKMARK [2][-]{subsection.17.1}{\376\377\000L\000i\000m\000i\000t\000a\000\347\000\365\000e\000s\000\040\000C\000o\000n\000h\000e\000c\000i\000d\000a\000s}{section.17}% 83
\BOOKMARK [2][-]{subsection.17.2}{\376\377\000C\000a\000r\000a\000c\000t\000e\000r\000\355\000s\000t\000i\000c\000a\000s\000\040\000d\000e\000\040\000P\000e\000r\000f\000o\000r\000m\000a\000n\000c\000e}{section.17}% 84
\BOOKMARK [1][-]{section.18}{\376\377\000C\000o\000n\000c\000l\000u\000s\000\343\000o}{}% 85
\BOOKMARK [2][-]{subsection.18.1}{\376\377\000R\000e\000s\000u\000m\000o}{section.18}% 86
\BOOKMARK [2][-]{subsection.18.2}{\376\377\000F\000i\000l\000o\000s\000o\000f\000i\000a\000\040\000d\000e\000\040\000D\000e\000s\000i\000g\000n}{section.18}% 87
\BOOKMARK [2][-]{subsection.18.3}{\376\377\000D\000i\000r\000e\000\347\000\365\000e\000s\000\040\000F\000u\000t\000u\000r\000a\000s}{section.18}% 88
